[2021-01-27 15:40:48] [debug] [D:\Python_work\OPS\TestCase\test_6_user.py - 136 - test_4_add2] Message: no such element: Unable to locate element: {"method":"xpath","selector":"/html/body/div[5]/div/div/ul/li[5]/a"}
  (Session info: chrome=88.0.4324.104)

[2021-01-27 15:40:48] [debug] [D:\Python_work\OPS\TestCase\test_6_user.py - 136 - test_4_add2] Message: no such element: Unable to locate element: {"method":"xpath","selector":"/html/body/div[6]/div/div/ul/li[5]/a"}
  (Session info: chrome=88.0.4324.104)

[2021-01-27 15:40:48] [debug] [D:\Python_work\OPS\TestCase\test_6_user.py - 138 - test_4_add2] 当前定位的元素为：/html/body/div[7]/div/div/ul/li[5]/a
[2021-01-27 15:40:48] [debug] [D:\Python_work\OPS\TestCase\test_6_user.py - 142 - test_4_add2] test_4_add2 遍历耗时：0:00:00.101304
[2021-01-27 15:40:49] [debug] [D:\Python_work\OPS\TestCase\test_6_user.py - 154 - test_5_delete] 遍历字典找到想要的元素定位
[2021-01-27 15:40:49] [debug] [D:\Python_work\OPS\TestCase\test_6_user.py - 170 - test_5_delete] Message: no such element: Unable to locate element: {"method":"xpath","selector":"/html/body/div[2]/div/div/ul/li[2]/a"}
  (Session info: chrome=88.0.4324.104)

[2021-01-27 15:40:49] [debug] [D:\Python_work\OPS\TestCase\test_6_user.py - 170 - test_5_delete] Message: no such element: Unable to locate element: {"method":"xpath","selector":"/html/body/div[3]/div/div/ul/li[2]/a"}
  (Session info: chrome=88.0.4324.104)

[2021-01-27 15:40:49] [debug] [D:\Python_work\OPS\TestCase\test_6_user.py - 170 - test_5_delete] Message: no such element: Unable to locate element: {"method":"xpath","selector":"/html/body/div[4]/div/div/ul/li[2]/a"}
  (Session info: chrome=88.0.4324.104)

[2021-01-27 15:40:49] [debug] [D:\Python_work\OPS\TestCase\test_6_user.py - 170 - test_5_delete] Message: no such element: Unable to locate element: {"method":"xpath","selector":"/html/body/div[5]/div/div/ul/li[2]/a"}
  (Session info: chrome=88.0.4324.104)

[2021-01-27 15:40:49] [debug] [D:\Python_work\OPS\TestCase\test_6_user.py - 170 - test_5_delete] Message: no such element: Unable to locate element: {"method":"xpath","selector":"/html/body/div[6]/div/div/ul/li[2]/a"}
  (Session info: chrome=88.0.4324.104)

[2021-01-27 15:40:49] [debug] [D:\Python_work\OPS\TestCase\test_6_user.py - 172 - test_5_delete] 当前定位的元素为：/html/body/div[7]/div/div/ul/li[2]/a
[2021-01-27 15:40:49] [debug] [D:\Python_work\OPS\TestCase\test_6_user.py - 177 - test_5_delete] test_5_delete 遍历耗时：0:00:00.103684
[2021-01-27 15:40:50] [debug] [D:\Python_work\OPS\TestCase\test_6_user.py - 185 - test_6_ensure] 遍历字典找到想要的元素定位
[2021-01-27 15:40:50] [debug] [D:\Python_work\OPS\TestCase\test_6_user.py - 206 - test_6_ensure] test_6_ensure 遍历耗时：0:00:00.110647
[2021-01-27 15:40:50] [debug] [D:\Python_work\OPS\TestCase\test_6_user.py - 208 - test_6_ensure] 餐饮单位流程结束----------------------------------------------------------------------
[2021-01-27 15:40:52] [debug] [D:\Python_work\OPS\TestCase\test_6_user.py - 237 - test_6_ensure] test_6_ensure2 遍历耗时：0:00:02.033404
[2021-01-27 15:40:52] [debug] [D:\Python_work\OPS\TestCase\test_6_user.py - 239 - test_6_ensure] 餐饮管理单位流程结束----------------------------------------------------------------------
[2021-01-27 15:40:52] [debug] [D:\Python_work\OPS\TestCase\test_6_user.py - 241 - test_6_ensure] 添加供货商流程开始----------------------------------------------------------------------
[2021-01-27 15:40:57] [debug] [D:\Python_work\OPS\TestCase\test_6_user.py - 287 - test_6_ensure] test_6_ensure3 遍历耗时：0:00:06.849828
[2021-01-27 15:40:57] [debug] [D:\Python_work\OPS\TestCase\test_6_user.py - 289 - test_6_ensure] 供货商流程结束----------------------------------------------------------------------
[2021-01-27 15:40:57] [debug] [D:/Python_work/OPS/Suite/run_test_suite.py - 55 - <module>] 测试报告已生成,本地存放路径：D:\Python_work\OPS\Suite\Report
[2021-01-27 15:40:58] [debug] [D:/Python_work/OPS/Suite/run_test_suite.py - 59 - <module>] 已发送测试报告
