[2021-01-27 15:40:26] [error] [D:\Python_work\OPS\TestCase\test_5_type.py - 104 - test_3_relevance] Message: no such element: Unable to locate element: {"method":"xpath","selector":"/html/body/div[3]/div/div[2]/div/div[2]/div[2]/div/div[1]/div/div/div/div/div/div/div/div/div[1]/table/thead/tr/th[3]/span/div/span[1]/a"}
  (Session info: chrome=88.0.4324.104)

[2021-01-27 15:40:26] [error] [D:\Python_work\OPS\TestCase\test_5_type.py - 104 - test_3_relevance] Message: no such element: Unable to locate element: {"method":"xpath","selector":"/html/body/div[2]/div/div[2]/div/div[2]/div[2]/div/div[1]/div/div/div/div/div/div/div/div/div[1]/table/thead/tr/th[3]/span/div/span[1]/a"}
  (Session info: chrome=88.0.4324.104)

[2021-01-27 15:40:26] [error] [D:\Python_work\OPS\TestCase\test_5_type.py - 131 - test_4_confirm] Message: no such element: Unable to locate element: {"method":"xpath","selector":"/html/body/div[4]/div/div[2]/div/div[2]/div[3]/div/button[2]"}
  (Session info: chrome=88.0.4324.104)

[2021-01-27 15:40:26] [error] [D:\Python_work\OPS\TestCase\test_5_type.py - 131 - test_4_confirm] Message: no such element: Unable to locate element: {"method":"xpath","selector":"/html/body/div[3]/div/div[2]/div/div[2]/div[3]/div/button[2]"}
  (Session info: chrome=88.0.4324.104)

[2021-01-27 15:40:26] [error] [D:\Python_work\OPS\TestCase\test_5_type.py - 131 - test_4_confirm] Message: no such element: Unable to locate element: {"method":"xpath","selector":"/html/body/div[2]/div/div[2]/div/div[2]/div[3]/div/button[2]"}
  (Session info: chrome=88.0.4324.104)

[2021-01-27 15:40:30] [error] [D:\Python_work\OPS\TestCase\test_5_type.py - 174 - test_6_delete] Message: no such element: Unable to locate element: {"method":"xpath","selector":"/html/body/div[7]/div/div/div/div[2]/div/div/div[2]/button[2]"}
  (Session info: chrome=88.0.4324.104)

[2021-01-27 15:40:41] [error] [D:\Python_work\OPS\TestCase\test_6_user.py - 61 - test_2_add1] Message: no such element: Unable to locate element: {"method":"xpath","selector":"/html/body/div[2]/div/div[2]/div/div[2]/div[3]/div/button[2]"}
  (Session info: chrome=88.0.4324.104)

[2021-01-27 15:40:50] [error] [D:\Python_work\OPS\TestCase\test_6_user.py - 201 - test_6_ensure] Message: no such element: Unable to locate element: {"method":"xpath","selector":"/html/body/div[5]/div/div[2]/div/div[2]/div/div/div[2]/button[2]"}
  (Session info: chrome=88.0.4324.104)

[2021-01-27 15:40:50] [error] [D:\Python_work\OPS\TestCase\test_6_user.py - 201 - test_6_ensure] Message: no such element: Unable to locate element: {"method":"xpath","selector":"/html/body/div[6]/div/div[2]/div/div[2]/div/div/div[2]/button[2]"}
  (Session info: chrome=88.0.4324.104)

[2021-01-27 15:40:50] [error] [D:\Python_work\OPS\TestCase\test_6_user.py - 201 - test_6_ensure] Message: no such element: Unable to locate element: {"method":"xpath","selector":"/html/body/div[4]/div/div[2]/div/div[2]/div/div/div[2]/button[2]"}
  (Session info: chrome=88.0.4324.104)

[2021-01-27 15:40:50] [error] [D:\Python_work\OPS\TestCase\test_6_user.py - 201 - test_6_ensure] Message: no such element: Unable to locate element: {"method":"xpath","selector":"/html/body/div[3]/div/div[2]/div/div[2]/div/div/div[2]/button[2]"}
  (Session info: chrome=88.0.4324.104)

[2021-01-27 15:40:50] [error] [D:\Python_work\OPS\TestCase\test_6_user.py - 201 - test_6_ensure] Message: no such element: Unable to locate element: {"method":"xpath","selector":"/html/body/div[2]/div/div[2]/div/div[2]/div/div/div[2]/button[2]"}
  (Session info: chrome=88.0.4324.104)

[2021-01-27 15:40:50] [error] [D:\Python_work\OPS\TestCase\test_6_user.py - 201 - test_6_ensure] Message: no such element: Unable to locate element: {"method":"xpath","selector":"/html/body/div[7]/div/div[2]/div/div[2]/div/div/div[2]/button[2]"}
  (Session info: chrome=88.0.4324.104)

[2021-01-27 15:40:50] [error] [D:\Python_work\OPS\TestCase\test_6_user.py - 201 - test_6_ensure] Message: no such element: Unable to locate element: {"method":"xpath","selector":"/html/body/div[8]/div/div[2]/div/div[2]/div/div/div[2]/button[2]"}
  (Session info: chrome=88.0.4324.104)

[2021-01-27 15:40:52] [error] [D:\Python_work\OPS\TestCase\test_6_user.py - 232 - test_6_ensure] Message: no such element: Unable to locate element: {"method":"xpath","selector":"/html/body/div[5]/div/div[2]/div/div[2]/div/div/div[2]/button[2]"}
  (Session info: chrome=88.0.4324.104)

[2021-01-27 15:40:52] [error] [D:\Python_work\OPS\TestCase\test_6_user.py - 232 - test_6_ensure] Message: no such element: Unable to locate element: {"method":"xpath","selector":"/html/body/div[6]/div/div[2]/div/div[2]/div/div/div[2]/button[2]"}
  (Session info: chrome=88.0.4324.104)

[2021-01-27 15:40:52] [error] [D:\Python_work\OPS\TestCase\test_6_user.py - 232 - test_6_ensure] Message: no such element: Unable to locate element: {"method":"xpath","selector":"/html/body/div[4]/div/div[2]/div/div[2]/div/div/div[2]/button[2]"}
  (Session info: chrome=88.0.4324.104)

[2021-01-27 15:40:52] [error] [D:\Python_work\OPS\TestCase\test_6_user.py - 232 - test_6_ensure] Message: no such element: Unable to locate element: {"method":"xpath","selector":"/html/body/div[3]/div/div[2]/div/div[2]/div/div/div[2]/button[2]"}
  (Session info: chrome=88.0.4324.104)

[2021-01-27 15:40:52] [error] [D:\Python_work\OPS\TestCase\test_6_user.py - 232 - test_6_ensure] Message: no such element: Unable to locate element: {"method":"xpath","selector":"/html/body/div[2]/div/div[2]/div/div[2]/div/div/div[2]/button[2]"}
  (Session info: chrome=88.0.4324.104)

[2021-01-27 15:40:52] [error] [D:\Python_work\OPS\TestCase\test_6_user.py - 232 - test_6_ensure] Message: no such element: Unable to locate element: {"method":"xpath","selector":"/html/body/div[7]/div/div[2]/div/div[2]/div/div/div[2]/button[2]"}
  (Session info: chrome=88.0.4324.104)

[2021-01-27 15:40:52] [error] [D:\Python_work\OPS\TestCase\test_6_user.py - 232 - test_6_ensure] Message: no such element: Unable to locate element: {"method":"xpath","selector":"/html/body/div[9]/div/div[2]/div/div[2]/div/div/div[2]/button[2]"}
  (Session info: chrome=88.0.4324.104)

[2021-01-27 15:40:57] [error] [D:\Python_work\OPS\TestCase\test_6_user.py - 282 - test_6_ensure] Message: no such element: Unable to locate element: {"method":"xpath","selector":"/html/body/div[5]/div/div[2]/div/div[2]/div/div/div[2]/button[2]"}
  (Session info: chrome=88.0.4324.104)

[2021-01-27 15:40:57] [error] [D:\Python_work\OPS\TestCase\test_6_user.py - 282 - test_6_ensure] Message: no such element: Unable to locate element: {"method":"xpath","selector":"/html/body/div[4]/div/div[2]/div/div[2]/div/div/div[2]/button[2]"}
  (Session info: chrome=88.0.4324.104)

[2021-01-27 15:40:57] [error] [D:\Python_work\OPS\TestCase\test_6_user.py - 282 - test_6_ensure] Message: no such element: Unable to locate element: {"method":"xpath","selector":"/html/body/div[3]/div/div[2]/div/div[2]/div/div/div[2]/button[2]"}
  (Session info: chrome=88.0.4324.104)

[2021-01-27 15:40:57] [error] [D:\Python_work\OPS\TestCase\test_6_user.py - 282 - test_6_ensure] Message: no such element: Unable to locate element: {"method":"xpath","selector":"/html/body/div[2]/div/div[2]/div/div[2]/div/div/div[2]/button[2]"}
  (Session info: chrome=88.0.4324.104)

[2021-01-27 15:40:57] [error] [D:\Python_work\OPS\TestCase\test_6_user.py - 282 - test_6_ensure] Message: no such element: Unable to locate element: {"method":"xpath","selector":"/html/body/div[7]/div/div[2]/div/div[2]/div/div/div[2]/button[2]"}
  (Session info: chrome=88.0.4324.104)

[2021-01-27 15:40:57] [error] [D:\Python_work\OPS\TestCase\test_6_user.py - 282 - test_6_ensure] Message: no such element: Unable to locate element: {"method":"xpath","selector":"/html/body/div[8]/div/div[2]/div/div[2]/div/div/div[2]/button[2]"}
  (Session info: chrome=88.0.4324.104)

[2021-01-27 15:40:57] [error] [D:\Python_work\OPS\TestCase\test_6_user.py - 282 - test_6_ensure] Message: no such element: Unable to locate element: {"method":"xpath","selector":"/html/body/div[9]/div/div[2]/div/div[2]/div/div/div[2]/button[2]"}
  (Session info: chrome=88.0.4324.104)

