[2020-05-11 11:16:43] [warning] [D:\Python_work\OPS\TestCase\test_4_classes&brand.py - 238 - test_8_input] test_8_input 遍历耗时：0:00:10.291834
[2020-05-11 11:16:44] [warning] [D:\Python_work\OPS\TestCase\test_4_classes&brand.py - 255 - test_9_ensure] test_9_ensure 遍历耗时:0:00:00.046818
[2020-05-11 11:21:02] [warning] [D:\Python_work\OPS\TestCase\test_4_classes&brand.py - 55 - test_2_confirm] test_2_confirm 遍历耗时:0:00:00.055341
[2020-05-11 11:21:31] [warning] [D:\Python_work\OPS\TestCase\test_4_classes&brand.py - 55 - test_2_confirm] test_2_confirm 遍历耗时:0:00:00.057831
[2020-05-11 11:21:36] [warning] [D:\Python_work\OPS\TestCase\test_4_classes&brand.py - 137 - test_4_delete] test_4_delete 遍历耗时：0:00:00.618514
[2020-05-11 11:21:58] [warning] [D:\Python_work\OPS\TestCase\test_4_classes&brand.py - 238 - test_8_input] test_8_input 遍历耗时：0:00:10.296714
[2020-05-11 11:21:59] [warning] [D:\Python_work\OPS\TestCase\test_4_classes&brand.py - 255 - test_9_ensure] test_9_ensure 遍历耗时:0:00:00.049867
[2020-05-11 11:24:33] [warning] [D:\Python_work\OPS\TestCase\test_4_classes&brand.py - 56 - test_2_confirm] test_2_confirm 遍历耗时:0:00:00.059928
[2020-05-11 11:24:39] [warning] [D:\Python_work\OPS\TestCase\test_4_classes&brand.py - 139 - test_4_delete] test_4_delete 遍历耗时：0:00:00.620412
[2020-05-11 11:24:54] [warning] [D:\Python_work\OPS\TestCase\test_4_classes&brand.py - 240 - test_8_input] test_8_input 遍历耗时：0:00:10.312703
[2020-05-11 11:24:55] [warning] [D:\Python_work\OPS\TestCase\test_4_classes&brand.py - 257 - test_9_ensure] test_9_ensure 遍历耗时:0:00:00.045763
[2020-05-11 13:32:04] [warning] [D:\Python_work\OPS\TestCase\test_4_classes&brand.py - 56 - test_2_confirm] test_2_confirm 遍历耗时:0:00:00.055850
[2020-05-11 13:32:09] [warning] [D:\Python_work\OPS\TestCase\test_4_classes&brand.py - 139 - test_4_delete] test_4_delete 遍历耗时：0:00:00.615233
[2020-05-11 13:32:33] [warning] [D:\Python_work\OPS\TestCase\test_4_classes&brand.py - 240 - test_8_input] test_8_input 遍历耗时：0:00:10.316057
[2020-05-11 13:32:34] [warning] [D:\Python_work\OPS\TestCase\test_4_classes&brand.py - 257 - test_9_ensure] test_9_ensure 遍历耗时:0:00:00.049839
[2020-05-11 13:40:16] [warning] [D:\Python_work\OPS\TestCase\test_4_classes&brand.py - 56 - test_2_confirm] test_2_confirm 遍历耗时:0:00:00.050886
[2020-05-11 13:40:21] [warning] [D:\Python_work\OPS\TestCase\test_4_classes&brand.py - 139 - test_4_delete] test_4_delete 遍历耗时：0:00:00.618346
[2020-05-11 13:40:35] [warning] [D:\Python_work\OPS\TestCase\test_4_classes&brand.py - 240 - test_8_input] test_8_input 遍历耗时：0:00:00.260617
[2020-05-11 13:40:36] [warning] [D:\Python_work\OPS\TestCase\test_4_classes&brand.py - 257 - test_9_ensure] test_9_ensure 遍历耗时:0:00:00.052889
[2020-05-11 13:41:23] [warning] [D:\Python_work\OPS\TestCase\test_4_classes&brand.py - 56 - test_2_confirm] test_2_confirm 遍历耗时:0:00:00.060815
[2020-05-11 13:41:28] [warning] [D:\Python_work\OPS\TestCase\test_4_classes&brand.py - 139 - test_4_delete] test_4_delete 遍历耗时：0:00:00.632448
[2020-05-11 13:41:42] [warning] [D:\Python_work\OPS\TestCase\test_4_classes&brand.py - 240 - test_8_input] test_8_input 遍历耗时：0:00:00.261341
[2020-05-11 13:41:43] [warning] [D:\Python_work\OPS\TestCase\test_4_classes&brand.py - 257 - test_9_ensure] test_9_ensure 遍历耗时:0:00:00.047851
[2020-05-11 14:33:46] [warning] [D:\Python_work\OPS\TestCase\test_4_classes&brand.py - 242 - test_8_input] test_8_input 遍历耗时：0:00:00.081782
[2020-05-11 14:41:00] [warning] [D:\Python_work\OPS\TestCase\test_4_classes&brand.py - 56 - test_2_confirm] test_2_confirm 遍历耗时:0:00:00.054855
[2020-05-11 14:41:05] [warning] [D:\Python_work\OPS\TestCase\test_4_classes&brand.py - 139 - test_4_delete] test_4_delete 遍历耗时：0:00:00.626252
[2020-05-11 14:41:18] [warning] [D:\Python_work\OPS\TestCase\test_4_classes&brand.py - 240 - test_8_input] test_8_input 遍历耗时：0:00:00.265790
[2020-05-11 14:41:19] [warning] [D:\Python_work\OPS\TestCase\test_4_classes&brand.py - 257 - test_9_ensure] test_9_ensure 遍历耗时:0:00:00.051912
[2020-06-20 10:22:05] [warning] [D:\Python_work\OPS\TestCase\test_1_food.py - 164 - test_1_food] 数据校验失败:食材名称已存在.
[2020-06-20 10:25:49] [warning] [D:\Python_work\OPS\TestCase\test_1_food.py - 266 - test_2_delete] test_2_delete 遍历耗时：0:00:00.053402
[2020-06-20 10:25:53] [warning] [D:\Python_work\OPS\TestCase\test_1_food.py - 315 - test_4_save] test_2_delete 遍历耗时：0:00:00.075801
[2020-06-20 10:25:54] [warning] [D:\Python_work\OPS\TestCase\test_1_food.py - 346 - test_5_send] test_2_delete 遍历耗时：0:00:01.289264
